[2019-07-22 15:54:15] main.ERROR: Error: Application is not installed yet.  [] []
[2019-07-22 15:56:05] main.DEBUG: cache_invalidate:  {"method":"POST","url":"http://localhost/eliferous/setup/index.php/install/start","invalidateInfo":{"tags":["CONFIG"],"mode":"matchingTag"}} []
[2019-07-22 15:56:05] main.DEBUG: cache_invalidate:  {"method":"POST","url":"http://localhost/eliferous/setup/index.php/install/start","invalidateInfo":{"tags":["LAYOUT_GENERAL_CACHE_TAG"],"mode":"matchingTag"}} []
[2019-07-22 15:56:05] main.DEBUG: cache_invalidate:  {"method":"POST","url":"http://localhost/eliferous/setup/index.php/install/start","invalidateInfo":{"tags":["BLOCK_HTML"],"mode":"matchingTag"}} []
[2019-07-22 15:56:05] main.DEBUG: cache_invalidate:  {"method":"POST","url":"http://localhost/eliferous/setup/index.php/install/start","invalidateInfo":{"tags":["COLLECTION_DATA"],"mode":"matchingTag"}} []
[2019-07-22 15:56:05] main.DEBUG: cache_invalidate:  {"method":"POST","url":"http://localhost/eliferous/setup/index.php/install/start","invalidateInfo":{"tags":["REFLECTION"],"mode":"matchingTag"}} []
[2019-07-22 15:56:05] main.DEBUG: cache_invalidate:  {"method":"POST","url":"http://localhost/eliferous/setup/index.php/install/start","invalidateInfo":{"tags":["DB_DDL"],"mode":"matchingTag"}} []
[2019-07-22 15:56:05] main.DEBUG: cache_invalidate:  {"method":"POST","url":"http://localhost/eliferous/setup/index.php/install/start","invalidateInfo":{"tags":["COMPILED_CONFIG"],"mode":"matchingTag"}} []
[2019-07-22 15:56:05] main.DEBUG: cache_invalidate:  {"method":"POST","url":"http://localhost/eliferous/setup/index.php/install/start","invalidateInfo":{"tags":["EAV"],"mode":"matchingTag"}} []
[2019-07-22 15:56:05] main.DEBUG: cache_invalidate:  {"method":"POST","url":"http://localhost/eliferous/setup/index.php/install/start","invalidateInfo":{"tags":["CUSTOMER_NOTIFICATION"],"mode":"matchingTag"}} []
[2019-07-22 15:56:05] main.DEBUG: cache_invalidate:  {"method":"POST","url":"http://localhost/eliferous/setup/index.php/install/start","invalidateInfo":{"tags":["INTEGRATION"],"mode":"matchingTag"}} []
[2019-07-22 15:56:05] main.DEBUG: cache_invalidate:  {"method":"POST","url":"http://localhost/eliferous/setup/index.php/install/start","invalidateInfo":{"tags":["INTEGRATION_API_CONFIG"],"mode":"matchingTag"}} []
[2019-07-22 15:56:05] main.DEBUG: cache_invalidate:  {"method":"POST","url":"http://localhost/eliferous/setup/index.php/install/start","invalidateInfo":{"tags":["FPC"],"mode":"matchingTag"}} []
[2019-07-22 15:56:05] main.DEBUG: cache_invalidate:  {"method":"POST","url":"http://localhost/eliferous/setup/index.php/install/start","invalidateInfo":{"tags":["WEBSERVICE"],"mode":"matchingTag"}} []
[2019-07-22 15:56:05] main.DEBUG: cache_invalidate:  {"method":"POST","url":"http://localhost/eliferous/setup/index.php/install/start","invalidateInfo":{"tags":["TRANSLATE"],"mode":"matchingTag"}} []
[2019-07-22 15:56:05] main.DEBUG: cache_invalidate:  {"method":"POST","url":"http://localhost/eliferous/setup/index.php/install/start","invalidateInfo":{"tags":["VERTEX"],"mode":"matchingTag"}} []
[2019-07-22 15:56:09] main.DEBUG: cache_invalidate:  {"method":"POST","url":"http://localhost/eliferous/setup/index.php/install/start","invalidateInfo":{"identifier":"DB_PDO_MYSQL_DDL_design_config_grid_flat_1"}} []
[2019-07-22 15:56:09] main.DEBUG: cache_invalidate:  {"method":"POST","url":"http://localhost/eliferous/setup/index.php/install/start","invalidateInfo":{"identifier":"DB_PDO_MYSQL_DDL_design_config_grid_flat_2"}} []
[2019-07-22 15:56:09] main.DEBUG: cache_invalidate:  {"method":"POST","url":"http://localhost/eliferous/setup/index.php/install/start","invalidateInfo":{"identifier":"DB_PDO_MYSQL_DDL_design_config_grid_flat_3"}} []
[2019-07-22 15:56:09] main.DEBUG: cache_invalidate:  {"method":"POST","url":"http://localhost/eliferous/setup/index.php/install/start","invalidateInfo":{"identifier":"DB_PDO_MYSQL_DDL_design_config_grid_flat_4"}} []
[2019-07-22 15:56:11] main.DEBUG: cache_invalidate:  {"method":"POST","url":"http://localhost/eliferous/setup/index.php/install/progress","invalidateInfo":{"tags":["interception","CONFIG"],"mode":"matchingTag"}} []
[2019-07-22 15:56:12] main.DEBUG: cache_invalidate:  {"method":"POST","url":"http://localhost/eliferous/setup/index.php/install/start","invalidateInfo":{"identifier":"DB_PDO_MYSQL_DDL_design_config_grid_flat_1"}} []
[2019-07-22 15:56:12] main.DEBUG: cache_invalidate:  {"method":"POST","url":"http://localhost/eliferous/setup/index.php/install/start","invalidateInfo":{"identifier":"DB_PDO_MYSQL_DDL_design_config_grid_flat_2"}} []
[2019-07-22 15:56:12] main.DEBUG: cache_invalidate:  {"method":"POST","url":"http://localhost/eliferous/setup/index.php/install/start","invalidateInfo":{"identifier":"DB_PDO_MYSQL_DDL_design_config_grid_flat_3"}} []
[2019-07-22 15:56:12] main.DEBUG: cache_invalidate:  {"method":"POST","url":"http://localhost/eliferous/setup/index.php/install/start","invalidateInfo":{"identifier":"DB_PDO_MYSQL_DDL_design_config_grid_flat_4"}} []
[2019-07-22 15:56:13] main.DEBUG: cache_invalidate:  {"method":"POST","url":"http://localhost/eliferous/setup/index.php/install/start","invalidateInfo":{"identifier":"DB_PDO_MYSQL_DDL_customer_grid_flat_1"}} []
[2019-07-22 15:56:13] main.DEBUG: cache_invalidate:  {"method":"POST","url":"http://localhost/eliferous/setup/index.php/install/start","invalidateInfo":{"identifier":"DB_PDO_MYSQL_DDL_customer_grid_flat_2"}} []
[2019-07-22 15:56:13] main.DEBUG: cache_invalidate:  {"method":"POST","url":"http://localhost/eliferous/setup/index.php/install/start","invalidateInfo":{"identifier":"DB_PDO_MYSQL_DDL_customer_grid_flat_3"}} []
[2019-07-22 15:56:13] main.DEBUG: cache_invalidate:  {"method":"POST","url":"http://localhost/eliferous/setup/index.php/install/start","invalidateInfo":{"identifier":"DB_PDO_MYSQL_DDL_customer_grid_flat_4"}} []
[2019-07-22 15:56:17] main.DEBUG: cache_invalidate:  {"method":"POST","url":"http://localhost/eliferous/setup/index.php/install/start","invalidateInfo":{"identifier":"DB_PDO_MYSQL_DDL_customer_grid_flat_1"}} []
[2019-07-22 15:56:17] main.DEBUG: cache_invalidate:  {"method":"POST","url":"http://localhost/eliferous/setup/index.php/install/start","invalidateInfo":{"identifier":"DB_PDO_MYSQL_DDL_customer_grid_flat_2"}} []
[2019-07-22 15:56:17] main.DEBUG: cache_invalidate:  {"method":"POST","url":"http://localhost/eliferous/setup/index.php/install/start","invalidateInfo":{"identifier":"DB_PDO_MYSQL_DDL_customer_grid_flat_3"}} []
[2019-07-22 15:56:17] main.DEBUG: cache_invalidate:  {"method":"POST","url":"http://localhost/eliferous/setup/index.php/install/start","invalidateInfo":{"identifier":"DB_PDO_MYSQL_DDL_customer_grid_flat_4"}} []
[2019-07-22 15:56:17] main.DEBUG: cache_invalidate:  {"method":"POST","url":"http://localhost/eliferous/setup/index.php/install/start","invalidateInfo":{"tags":["CONFIG"],"mode":"matchingTag"}} []
[2019-07-22 15:56:17] main.DEBUG: cache_invalidate:  {"method":"POST","url":"http://localhost/eliferous/setup/index.php/install/start","invalidateInfo":{"tags":["LAYOUT_GENERAL_CACHE_TAG"],"mode":"matchingTag"}} []
[2019-07-22 15:56:17] main.DEBUG: cache_invalidate:  {"method":"POST","url":"http://localhost/eliferous/setup/index.php/install/start","invalidateInfo":{"tags":["BLOCK_HTML"],"mode":"matchingTag"}} []
[2019-07-22 15:56:17] main.DEBUG: cache_invalidate:  {"method":"POST","url":"http://localhost/eliferous/setup/index.php/install/start","invalidateInfo":{"tags":["COLLECTION_DATA"],"mode":"matchingTag"}} []
[2019-07-22 15:56:17] main.DEBUG: cache_invalidate:  {"method":"POST","url":"http://localhost/eliferous/setup/index.php/install/start","invalidateInfo":{"tags":["REFLECTION"],"mode":"matchingTag"}} []
[2019-07-22 15:56:17] main.DEBUG: cache_invalidate:  {"method":"POST","url":"http://localhost/eliferous/setup/index.php/install/start","invalidateInfo":{"tags":["DB_DDL"],"mode":"matchingTag"}} []
[2019-07-22 15:56:17] main.DEBUG: cache_invalidate:  {"method":"POST","url":"http://localhost/eliferous/setup/index.php/install/start","invalidateInfo":{"tags":["COMPILED_CONFIG"],"mode":"matchingTag"}} []
[2019-07-22 15:56:17] main.DEBUG: cache_invalidate:  {"method":"POST","url":"http://localhost/eliferous/setup/index.php/install/start","invalidateInfo":{"tags":["EAV"],"mode":"matchingTag"}} []
[2019-07-22 15:56:17] main.DEBUG: cache_invalidate:  {"method":"POST","url":"http://localhost/eliferous/setup/index.php/install/start","invalidateInfo":{"tags":["CUSTOMER_NOTIFICATION"],"mode":"matchingTag"}} []
[2019-07-22 15:56:17] main.DEBUG: cache_invalidate:  {"method":"POST","url":"http://localhost/eliferous/setup/index.php/install/start","invalidateInfo":{"tags":["INTEGRATION"],"mode":"matchingTag"}} []
[2019-07-22 15:56:17] main.DEBUG: cache_invalidate:  {"method":"POST","url":"http://localhost/eliferous/setup/index.php/install/start","invalidateInfo":{"tags":["INTEGRATION_API_CONFIG"],"mode":"matchingTag"}} []
[2019-07-22 15:56:17] main.DEBUG: cache_invalidate:  {"method":"POST","url":"http://localhost/eliferous/setup/index.php/install/start","invalidateInfo":{"tags":["FPC"],"mode":"matchingTag"}} []
[2019-07-22 15:56:17] main.DEBUG: cache_invalidate:  {"method":"POST","url":"http://localhost/eliferous/setup/index.php/install/start","invalidateInfo":{"tags":["WEBSERVICE"],"mode":"matchingTag"}} []
[2019-07-22 15:56:17] main.DEBUG: cache_invalidate:  {"method":"POST","url":"http://localhost/eliferous/setup/index.php/install/start","invalidateInfo":{"tags":["TRANSLATE"],"mode":"matchingTag"}} []
[2019-07-22 15:56:17] main.DEBUG: cache_invalidate:  {"method":"POST","url":"http://localhost/eliferous/setup/index.php/install/start","invalidateInfo":{"tags":["VERTEX"],"mode":"matchingTag"}} []
[2019-07-22 15:56:20] main.DEBUG: cache_invalidate:  {"method":"GET","url":"http://localhost/eliferous/setup/index.php/success","invalidateInfo":{"tags":["interception","CONFIG"],"mode":"matchingTag"}} []
[2019-07-22 15:56:21] main.DEBUG: cache_invalidate:  {"method":"POST","url":"http://localhost/eliferous/setup/index.php/session/prolong","invalidateInfo":{"tags":["interception","CONFIG"],"mode":"matchingTag"}} []
[2019-07-22 15:56:21] main.DEBUG: cache_invalidate:  {"method":"POST","url":"http://localhost/eliferous/setup/index.php/session/prolong","invalidateInfo":{"tags":["interception","CONFIG"],"mode":"matchingTag"}} []
[2019-07-22 15:56:22] main.DEBUG: cache_invalidate:  {"method":"POST","url":"http://localhost/eliferous/setup/index.php/install/progress","invalidateInfo":{"tags":["interception","CONFIG"],"mode":"matchingTag"}} []
[2019-07-22 16:22:17] main.DEBUG: cache_invalidate:  {"method":"POST","url":"http://localhost/eliferous/setup/index.php/session/prolong","invalidateInfo":{"tags":["interception","CONFIG"],"mode":"matchingTag"}} []
[2019-07-22 16:22:20] main.DEBUG: cache_invalidate:  {"method":"GET","url":"http:/","invalidateInfo":{"tags":["interception","CONFIG"],"mode":"matchingTag"}} []
[2019-07-22 16:22:38] main.DEBUG: cache_invalidate:  {"method":"POST","url":"http://localhost/eliferous/setup/index.php/session/prolong","invalidateInfo":{"tags":["interception","CONFIG"],"mode":"matchingTag"}} []
[2019-07-22 16:22:39] main.DEBUG: cache_invalidate:  {"method":"POST","url":"http://localhost/eliferous/setup/index.php/session/prolong","invalidateInfo":{"tags":["interception","CONFIG"],"mode":"matchingTag"}} []
[2019-07-22 16:54:59] main.DEBUG: cache_invalidate:  {"method":"GET","url":"http:/","invalidateInfo":{"tags":["interception","CONFIG"],"mode":"matchingTag"}} []
[2019-07-22 16:55:15] main.DEBUG: cache_invalidate:  {"method":"GET","url":"http://localhost/eliferous/","invalidateInfo":{"tags":["interception","CONFIG"],"mode":"matchingTag"}} []
[2019-07-22 17:28:25] main.DEBUG: cache_invalidate:  {"method":"GET","url":"http:/","invalidateInfo":{"tags":["interception","CONFIG"],"mode":"matchingTag"}} []
[2019-07-22 17:28:29] main.CRITICAL: Can't create directory /var/www/html/eliferous/generated/code/Magento/Framework/App/Config/ConfigSourceAggregated/.
Class Magento\Framework\App\Config\ConfigSourceAggregated\Proxy generation error: The requested class did not generate properly, because the 'generated' directory permission is read-only. If --- after running the 'bin/magento setup:di:compile' CLI command when the 'generated' directory permission is set to write --- the requested class did not generate properly, then you must add the generated class object to the signature of the related construct method, only. [] []
[2019-07-22 17:28:38] main.DEBUG: cache_invalidate:  {"method":"GET","url":"http:/","invalidateInfo":{"tags":["interception","CONFIG"],"mode":"matchingTag"}} []
[2019-07-22 17:30:53] main.DEBUG: cache_invalidate:  {"method":"GET","url":"http:/","invalidateInfo":{"tags":["interception","CONFIG"],"mode":"matchingTag"}} []
[2019-07-22 17:31:38] main.DEBUG: cache_invalidate:  {"method":"GET","url":"http:/","invalidateInfo":{"tags":["interception","CONFIG"],"mode":"matchingTag"}} []
[2019-07-22 17:33:21] main.DEBUG: cache_invalidate:  {"method":"GET","url":"http:/","invalidateInfo":{"tags":["interception","CONFIG"],"mode":"matchingTag"}} []
[2019-07-22 17:37:16] main.DEBUG: cache_invalidate:  {"method":"GET","url":"http:/","invalidateInfo":{"tags":["interception","CONFIG"],"mode":"matchingTag"}} []
[2019-07-22 17:38:03] main.CRITICAL: Can't create directory /var/www/html/eliferous/generated/code/Magento/Framework/App/ResourceConnection/.
Class Magento\Framework\App\ResourceConnection\Proxy generation error: The requested class did not generate properly, because the 'generated' directory permission is read-only. If --- after running the 'bin/magento setup:di:compile' CLI command when the 'generated' directory permission is set to write --- the requested class did not generate properly, then you must add the generated class object to the signature of the related construct method, only. [] []
[2019-07-22 17:38:05] main.CRITICAL: Can't create directory /var/www/html/eliferous/generated/code/Magento/Framework/App/ResourceConnection/.
Class Magento\Framework\App\ResourceConnection\Proxy generation error: The requested class did not generate properly, because the 'generated' directory permission is read-only. If --- after running the 'bin/magento setup:di:compile' CLI command when the 'generated' directory permission is set to write --- the requested class did not generate properly, then you must add the generated class object to the signature of the related construct method, only. [] []
[2019-07-22 17:48:00] main.DEBUG: cache_invalidate:  {"method":"GET","url":"http://localhost/eliferous/pub/static/version1563817145/adminhtml/Magento/backend/en_US/Magento_AsynchronousOperations/template/grid/listing.html?resource=adminhtml/Magento/backend/en_US/Magento_AsynchronousOperations/template/grid/listing.html","invalidateInfo":{"tags":["interception","CONFIG"],"mode":"matchingTag"}} []
[2019-07-22 17:48:03] main.DEBUG: cache_invalidate:  {"method":"GET","url":"http:/","invalidateInfo":{"tags":["interception","CONFIG"],"mode":"matchingTag"}} []
[2019-07-22 17:48:03] main.DEBUG: cache_invalidate:  {"method":"GET","url":"http://localhost/eliferous/pub/static/version1563817145/adminhtml/Magento/backend/en_US/Magento_Ui/templates/modal/modal-component.html?resource=adminhtml/Magento/backend/en_US/Magento_Ui/templates/modal/modal-component.html","invalidateInfo":{"tags":["interception","CONFIG"],"mode":"matchingTag"}} []
[2019-07-22 17:48:22] main.DEBUG: cache_invalidate:  {"method":"GET","url":"http://localhost/eliferous/","invalidateInfo":{"tags":["interception","CONFIG"],"mode":"matchingTag"}} []
[2019-07-22 17:52:45] main.DEBUG: cache_invalidate:  {"method":"GET","url":"http:/","invalidateInfo":{"tags":["interception","CONFIG"],"mode":"matchingTag"}} []
[2019-07-22 17:55:01] main.DEBUG: cache_invalidate:  {"method":"GET","url":"http:/","invalidateInfo":{"tags":["interception","CONFIG"],"mode":"matchingTag"}} []
[2019-07-22 17:55:16] main.DEBUG: cache_invalidate:  {"method":"GET","url":"http://localhost/eliferous/","invalidateInfo":{"tags":["interception","CONFIG"],"mode":"matchingTag"}} []
[2019-07-22 18:04:52] main.DEBUG: cache_invalidate:  {"method":"GET","url":"http:/","invalidateInfo":{"tags":["interception","CONFIG"],"mode":"matchingTag"}} []
[2019-07-22 18:05:12] main.DEBUG: cache_invalidate:  {"method":"GET","url":"http://localhost/eliferous/","invalidateInfo":{"tags":["interception","CONFIG"],"mode":"matchingTag"}} []
[2019-07-22 18:07:03] main.DEBUG: cache_invalidate:  {"method":"GET","url":"http:/","invalidateInfo":{"tags":["interception","CONFIG"],"mode":"matchingTag"}} []
[2019-07-22 18:07:16] main.DEBUG: cache_invalidate:  {"method":"GET","url":"http://localhost/eliferous/","invalidateInfo":{"tags":["interception","CONFIG"],"mode":"matchingTag"}} []
[2019-07-22 18:07:21] main.DEBUG: cache_invalidate:  {"method":"GET","url":"http://localhost/eliferous/admin123/admin/system_config/edit/key/2fe530f97ad17d637a07a3c1903879c778825c775ba7f9d5b73ae76a7b9b2042/section/berserk_settings/","invalidateInfo":{"tags":["interception","CONFIG"],"mode":"matchingTag"}} []
[2019-07-22 18:12:40] main.DEBUG: cache_invalidate:  {"method":"GET","url":"http:/","invalidateInfo":{"tags":["interception","CONFIG"],"mode":"matchingTag"}} []
[2019-07-22 18:12:53] main.DEBUG: cache_invalidate:  {"method":"GET","url":"http://localhost/eliferous/","invalidateInfo":{"tags":["interception","CONFIG"],"mode":"matchingTag"}} []
[2019-07-23 06:10:29] main.DEBUG: cache_invalidate:  {"method":"GET","url":"http:/","invalidateInfo":{"tags":["interception","CONFIG"],"mode":"matchingTag"}} []
[2019-07-23 06:11:20] main.DEBUG: cache_invalidate:  {"method":"GET","url":"http://localhost/eliferous/","invalidateInfo":{"tags":["interception","CONFIG"],"mode":"matchingTag"}} []
[2019-07-23 06:15:26] main.DEBUG: cache_invalidate:  {"method":"GET","url":"http:/","invalidateInfo":{"tags":["interception","CONFIG"],"mode":"matchingTag"}} []
[2019-07-23 06:15:39] main.DEBUG: cache_invalidate:  {"method":"GET","url":"http://localhost/eliferous/admin123/admin/system_config/edit/key/be2d5c11be84b3fa0eedba32d9901239e79db22769c59dadf0d89885ba113bae/section/berserk_settings/","invalidateInfo":{"tags":["interception","CONFIG"],"mode":"matchingTag"}} []
[2019-07-23 06:17:15] main.DEBUG: cache_invalidate:  {"method":"GET","url":"http:/","invalidateInfo":{"tags":["interception","CONFIG"],"mode":"matchingTag"}} []
[2019-07-23 06:17:29] main.DEBUG: cache_invalidate:  {"method":"GET","url":"http://localhost/eliferous/","invalidateInfo":{"tags":["interception","CONFIG"],"mode":"matchingTag"}} []
[2019-07-23 06:30:36] main.DEBUG: cache_invalidate:  {"method":"GET","url":"http:/","invalidateInfo":{"tags":["interception","CONFIG"],"mode":"matchingTag"}} []
[2019-07-23 06:30:50] main.DEBUG: cache_invalidate:  {"method":"GET","url":"http://localhost/eliferous/admin123/admin/system_config/edit/key/be2d5c11be84b3fa0eedba32d9901239e79db22769c59dadf0d89885ba113bae/section/web/","invalidateInfo":{"tags":["interception","CONFIG"],"mode":"matchingTag"}} []
[2019-07-23 07:13:38] main.DEBUG: cache_invalidate:  {"method":"GET","url":"http:/","invalidateInfo":{"tags":["interception","CONFIG"],"mode":"matchingTag"}} []
[2019-07-23 07:13:52] main.DEBUG: cache_invalidate:  {"method":"GET","url":"http://localhost/eliferous/","invalidateInfo":{"tags":["interception","CONFIG"],"mode":"matchingTag"}} []
[2019-07-23 07:16:45] main.DEBUG: cache_invalidate:  {"method":"GET","url":"http://localhost/eliferous/admin123/mui/index/render/key/e0d57b49796510706d491286ed8022076b1c3917f6f01c032e6bb9d3f76adade/?namespace=notification_area&sorting%5Bfield%5D=created_at&sorting%5Bdirection%5D=asc&isAjax=true","invalidateInfo":{"tags":["interception","CONFIG"],"mode":"matchingTag"}} []
[2019-07-23 07:16:45] main.DEBUG: cache_invalidate:  {"method":"GET","url":"http:/","invalidateInfo":{"tags":["interception","CONFIG"],"mode":"matchingTag"}} []
[2019-07-23 07:17:03] main.DEBUG: cache_invalidate:  {"method":"GET","url":"http://localhost/eliferous/","invalidateInfo":{"tags":["interception","CONFIG"],"mode":"matchingTag"}} []
[2019-07-23 08:14:59] main.DEBUG: cache_invalidate:  {"method":"GET","url":"http:/","invalidateInfo":{"tags":["interception","CONFIG"],"mode":"matchingTag"}} []
[2019-07-23 08:15:03] main.DEBUG: cache_invalidate:  {"method":"GET","url":"http://localhost/eliferous/","invalidateInfo":{"tags":["interception","CONFIG"],"mode":"matchingTag"}} []
[2019-07-23 08:15:38] main.DEBUG: cache_invalidate:  {"method":"POST","url":"http://localhost/eliferous/admin123/cms/block/save/key/d77a581be01cba9bd2a227768a8bdfa9d14a8c6f818afa3a4d7db1c6ba786874/","invalidateInfo":{"tags":["interception","CONFIG"],"mode":"matchingTag"}} []
[2019-07-23 08:17:13] main.DEBUG: cache_invalidate:  {"method":"GET","url":"http:/","invalidateInfo":{"tags":["interception","CONFIG"],"mode":"matchingTag"}} []
[2019-07-23 08:17:14] main.DEBUG: cache_invalidate:  {"method":"GET","url":"http://localhost/eliferous/admin123/mui/index/render/key/9fcf833ecc8b90ebf2c5444892367b567b31e10f34023a62a750407e3a1438aa/?namespace=notification_area&sorting%5Bfield%5D=created_at&sorting%5Bdirection%5D=asc&isAjax=true","invalidateInfo":{"tags":["interception","CONFIG"],"mode":"matchingTag"}} []
[2019-07-23 08:17:14] main.DEBUG: cache_invalidate:  {"method":"GET","url":"http://localhost/eliferous/admin123/mui/index/render/key/9fcf833ecc8b90ebf2c5444892367b567b31e10f34023a62a750407e3a1438aa/?namespace=cms_block_listing&search=&filters%5Bplaceholder%5D=true&paging%5BpageSize%5D=200&paging%5Bcurrent%5D=1&sorting%5Bfield%5D=block_id&sorting%5Bdirection%5D=asc&isAjax=true","invalidateInfo":{"tags":["interception","CONFIG"],"mode":"matchingTag"}} []
[2019-07-23 08:17:35] main.DEBUG: cache_invalidate:  {"method":"GET","url":"http://localhost/eliferous/","invalidateInfo":{"tags":["interception","CONFIG"],"mode":"matchingTag"}} []
[2019-07-23 08:32:59] main.DEBUG: cache_invalidate:  {"method":"GET","url":"http:/","invalidateInfo":{"tags":["interception","CONFIG"],"mode":"matchingTag"}} []
[2019-07-23 08:33:14] main.DEBUG: cache_invalidate:  {"method":"GET","url":"http://localhost/eliferous/","invalidateInfo":{"tags":["interception","CONFIG"],"mode":"matchingTag"}} []
[2019-07-23 10:35:03] main.DEBUG: cache_invalidate:  {"method":"GET","url":"http:/","invalidateInfo":{"tags":["interception","CONFIG"],"mode":"matchingTag"}} []
[2019-07-23 10:35:17] main.DEBUG: cache_invalidate:  {"method":"GET","url":"http://localhost/eliferous/eliferous-about-us","invalidateInfo":{"tags":["interception","CONFIG"],"mode":"matchingTag"}} []
[2019-07-23 10:36:54] main.DEBUG: cache_invalidate:  {"method":"GET","url":"http://localhost/eliferous/admin123/mui/index/render/key/81ee3525484169130265e49c6d02c65bb76cf8e27188ab939ea3a85473499116/?namespace=notification_area&sorting%5Bfield%5D=created_at&sorting%5Bdirection%5D=asc&isAjax=true","invalidateInfo":{"tags":["interception","CONFIG"],"mode":"matchingTag"}} []
[2019-07-23 10:36:56] main.DEBUG: cache_invalidate:  {"method":"GET","url":"http:/","invalidateInfo":{"tags":["interception","CONFIG"],"mode":"matchingTag"}} []
[2019-07-23 10:37:13] main.DEBUG: cache_invalidate:  {"method":"GET","url":"http://localhost/eliferous/eliferous-about-us","invalidateInfo":{"tags":["interception","CONFIG"],"mode":"matchingTag"}} []
[2019-07-23 10:55:07] main.DEBUG: cache_invalidate:  {"method":"GET","url":"http:/","invalidateInfo":{"tags":["interception","CONFIG"],"mode":"matchingTag"}} []
[2019-07-23 10:55:27] main.DEBUG: cache_invalidate:  {"method":"GET","url":"http://localhost/eliferous/eliferous-about-us","invalidateInfo":{"tags":["interception","CONFIG"],"mode":"matchingTag"}} []
[2019-07-24 10:48:11] main.DEBUG: cache_invalidate:  {"method":"GET","url":"http:/","invalidateInfo":{"tags":["interception","CONFIG"],"mode":"matchingTag"}} []
[2019-07-24 10:48:42] main.DEBUG: cache_invalidate:  {"method":"GET","url":"http://localhost/eliferous/admin123/catalog/product_attribute/index/key/049fb189f1cd34005ea4bceccf03a8a5a4df2fa53337a8a11cca0c27a2ace00a/","invalidateInfo":{"tags":["interception","CONFIG"],"mode":"matchingTag"}} []
[2019-07-24 10:53:43] main.DEBUG: cache_invalidate:  {"method":"GET","url":"http:/","invalidateInfo":{"tags":["interception","CONFIG"],"mode":"matchingTag"}} []
[2019-07-24 10:53:53] main.DEBUG: cache_invalidate:  {"method":"GET","url":"http://localhost/eliferous/admin123/admin/import/index/key/ecd3d22fa2823ad321ad96fbd41bffcced1ee7454665567702b3820d683946ae/","invalidateInfo":{"tags":["interception","CONFIG"],"mode":"matchingTag"}} []
[2019-07-24 10:55:50] main.DEBUG: cache_invalidate:  {"method":"GET","url":"http:/","invalidateInfo":{"tags":["interception","CONFIG"],"mode":"matchingTag"}} []
[2019-07-24 10:55:59] main.DEBUG: cache_invalidate:  {"method":"GET","url":"http://localhost/eliferous/admin123/admin/import/index/key/ecd3d22fa2823ad321ad96fbd41bffcced1ee7454665567702b3820d683946ae/","invalidateInfo":{"tags":["interception","CONFIG"],"mode":"matchingTag"}} []
[2019-07-24 11:05:41] main.DEBUG: cache_invalidate:  {"method":"GET","url":"http:/","invalidateInfo":{"tags":["interception","CONFIG"],"mode":"matchingTag"}} []
[2019-07-24 11:06:22] main.DEBUG: cache_invalidate:  {"method":"GET","url":"http://localhost/eliferous/admin123/admin/import/index/key/ecd3d22fa2823ad321ad96fbd41bffcced1ee7454665567702b3820d683946ae/","invalidateInfo":{"tags":["interception","CONFIG"],"mode":"matchingTag"}} []
[2019-07-24 11:10:26] main.DEBUG: cache_invalidate:  {"method":"GET","url":"http:/","invalidateInfo":{"tags":["interception","CONFIG"],"mode":"matchingTag"}} []
[2019-07-24 11:10:39] main.DEBUG: cache_invalidate:  {"method":"GET","url":"http://localhost/eliferous/admin123/catalog/product_attribute/index/key/049fb189f1cd34005ea4bceccf03a8a5a4df2fa53337a8a11cca0c27a2ace00a/","invalidateInfo":{"tags":["interception","CONFIG"],"mode":"matchingTag"}} []
[2019-07-24 11:13:31] main.DEBUG: cache_invalidate:  {"method":"GET","url":"http:/","invalidateInfo":{"tags":["interception","CONFIG"],"mode":"matchingTag"}} []
[2019-07-24 11:13:44] main.DEBUG: cache_invalidate:  {"method":"GET","url":"http://localhost/eliferous/admin123/admin/import/index/key/ecd3d22fa2823ad321ad96fbd41bffcced1ee7454665567702b3820d683946ae/","invalidateInfo":{"tags":["interception","CONFIG"],"mode":"matchingTag"}} []
[2019-07-24 13:49:14] main.DEBUG: cache_invalidate:  {"method":"GET","url":"http:/","invalidateInfo":{"tags":["interception","CONFIG"],"mode":"matchingTag"}} []
[2019-07-24 13:49:26] main.DEBUG: cache_invalidate:  {"method":"GET","url":"http://localhost/eliferous/eliferous-about-us","invalidateInfo":{"tags":["interception","CONFIG"],"mode":"matchingTag"}} []
[2019-07-24 13:51:34] main.DEBUG: cache_invalidate:  {"method":"GET","url":"http:/","invalidateInfo":{"tags":["interception","CONFIG"],"mode":"matchingTag"}} []
[2019-07-24 13:51:38] main.DEBUG: cache_invalidate:  {"method":"GET","url":"http://localhost/eliferous/admin123/mui/index/render/key/c7683327b2b463226e00d83d48d83a2272958f6217be1ae1ff6d02f47cd2492f/?namespace=notification_area&sorting%5Bfield%5D=created_at&sorting%5Bdirection%5D=asc&isAjax=true","invalidateInfo":{"tags":["interception","CONFIG"],"mode":"matchingTag"}} []
[2019-07-24 13:51:47] main.DEBUG: cache_invalidate:  {"method":"GET","url":"http:/","invalidateInfo":{"tags":["interception","CONFIG"],"mode":"matchingTag"}} []
[2019-07-24 13:55:22] main.DEBUG: cache_invalidate:  {"method":"GET","url":"http:/","invalidateInfo":{"tags":["interception","CONFIG"],"mode":"matchingTag"}} []
[2019-07-24 13:55:48] main.DEBUG: cache_invalidate:  {"method":"GET","url":"http://localhost/eliferous/admin123/admin/dashboard/index/key/68a09cc14baee71917c43ef5b67fcb3334a4d33029620c6b7f5fdf16b2bf5a4c/","invalidateInfo":{"tags":["interception","CONFIG"],"mode":"matchingTag"}} []
[2019-07-24 13:55:53] main.DEBUG: cache_invalidate:  {"method":"GET","url":"http://localhost/eliferous/eliferous-about-us","invalidateInfo":{"tags":["interception","CONFIG"],"mode":"matchingTag"}} []
[2019-07-24 13:58:55] main.DEBUG: cache_invalidate:  {"method":"GET","url":"http:/","invalidateInfo":{"tags":["interception","CONFIG"],"mode":"matchingTag"}} []
[2019-07-24 13:59:07] main.DEBUG: cache_invalidate:  {"method":"GET","url":"http://localhost/eliferous/eliferous-about-us","invalidateInfo":{"tags":["interception","CONFIG"],"mode":"matchingTag"}} []
[2019-07-24 14:31:25] main.DEBUG: cache_invalidate:  {"method":"GET","url":"http:/","invalidateInfo":{"tags":["interception","CONFIG"],"mode":"matchingTag"}} []
[2019-07-24 14:31:38] main.DEBUG: cache_invalidate:  {"method":"GET","url":"http://localhost/eliferous/eliferous-about-us","invalidateInfo":{"tags":["interception","CONFIG"],"mode":"matchingTag"}} []
[2019-07-24 14:33:47] main.DEBUG: cache_invalidate:  {"method":"GET","url":"http:/","invalidateInfo":{"tags":["interception","CONFIG"],"mode":"matchingTag"}} []
[2019-07-24 14:34:30] main.DEBUG: cache_invalidate:  {"method":"GET","url":"http://localhost/eliferous/eliferous-about-us","invalidateInfo":{"tags":["interception","CONFIG"],"mode":"matchingTag"}} []
[2019-07-24 14:34:33] main.DEBUG: cache_invalidate:  {"method":"GET","url":"http://localhost/eliferous/admin123/mui/index/render/key/c7683327b2b463226e00d83d48d83a2272958f6217be1ae1ff6d02f47cd2492f/?namespace=notification_area&sorting%5Bfield%5D=created_at&sorting%5Bdirection%5D=asc&isAjax=true","invalidateInfo":{"tags":["interception","CONFIG"],"mode":"matchingTag"}} []
[2019-07-24 14:35:36] main.DEBUG: cache_invalidate:  {"method":"GET","url":"http:/","invalidateInfo":{"tags":["interception","CONFIG"],"mode":"matchingTag"}} []
[2019-07-24 14:35:49] main.DEBUG: cache_invalidate:  {"method":"GET","url":"http://localhost/eliferous/eliferous-about-us","invalidateInfo":{"tags":["interception","CONFIG"],"mode":"matchingTag"}} []
[2019-07-24 14:36:58] main.DEBUG: cache_invalidate:  {"method":"GET","url":"http:/","invalidateInfo":{"tags":["interception","CONFIG"],"mode":"matchingTag"}} []
[2019-07-24 14:37:11] main.DEBUG: cache_invalidate:  {"method":"GET","url":"http://localhost/eliferous/eliferous-about-us","invalidateInfo":{"tags":["interception","CONFIG"],"mode":"matchingTag"}} []
[2019-07-24 14:41:36] main.DEBUG: cache_invalidate:  {"method":"GET","url":"http:/","invalidateInfo":{"tags":["interception","CONFIG"],"mode":"matchingTag"}} []
[2019-07-24 14:41:49] main.DEBUG: cache_invalidate:  {"method":"GET","url":"http://localhost/eliferous/eliferous-about-us","invalidateInfo":{"tags":["interception","CONFIG"],"mode":"matchingTag"}} []
[2019-07-24 14:42:53] main.DEBUG: cache_invalidate:  {"method":"GET","url":"http:/","invalidateInfo":{"tags":["interception","CONFIG"],"mode":"matchingTag"}} []
[2019-07-24 14:43:07] main.DEBUG: cache_invalidate:  {"method":"GET","url":"http://localhost/eliferous/eliferous-about-us","invalidateInfo":{"tags":["interception","CONFIG"],"mode":"matchingTag"}} []
[2019-07-25 08:30:30] main.DEBUG: cache_invalidate:  {"method":"GET","url":"http:/","invalidateInfo":{"tags":["interception","CONFIG"],"mode":"matchingTag"}} []
[2019-07-25 08:31:30] main.DEBUG: cache_invalidate:  {"method":"GET","url":"http://localhost/eliferous/admin123/mui/index/render/key/fa9dd6f1a87e7d1bf5da9678843c6d282fa70723790316fa058e0044a9774e3e/?namespace=product_listing&filters%5Bplaceholder%5D=true&paging%5BpageSize%5D=20&paging%5Bcurrent%5D=1&search=&sorting%5Bfield%5D=entity_id&sorting%5Bdirection%5D=asc&isAjax=true","invalidateInfo":{"tags":["interception","CONFIG"],"mode":"matchingTag"}} []
[2019-07-25 08:31:30] main.DEBUG: cache_invalidate:  {"method":"GET","url":"http://localhost/eliferous/admin123/mui/index/render/key/fa9dd6f1a87e7d1bf5da9678843c6d282fa70723790316fa058e0044a9774e3e/?namespace=notification_area&sorting%5Bfield%5D=created_at&sorting%5Bdirection%5D=asc&isAjax=true","invalidateInfo":{"tags":["interception","CONFIG"],"mode":"matchingTag"}} []
[2019-07-25 08:31:33] main.DEBUG: cache_invalidate:  {"method":"GET","url":"http://localhost/eliferous/admin123/catalog/product/index/key/a3261cbfbac58f96463b79563f0b5d799d53a5a72625d997267996a1024b4775/","invalidateInfo":{"tags":["interception","CONFIG"],"mode":"matchingTag"}} []
[2019-07-25 08:31:37] main.DEBUG: cache_invalidate:  {"method":"GET","url":"http://localhost/eliferous/shop","invalidateInfo":{"tags":["interception","CONFIG"],"mode":"matchingTag"}} []
[2019-07-25 10:03:34] main.DEBUG: cache_invalidate:  {"method":"GET","url":"http:/","invalidateInfo":{"tags":["interception","CONFIG"],"mode":"matchingTag"}} []
[2019-07-25 10:07:19] main.DEBUG: cache_invalidate:  {"method":"GET","url":"http://localhost/eliferous/admin123/nwdthemes_revslider/gallery/index/type/image/key/76e64bbc0cc57060aefcdb051c7e5456230c93d16a8c1f51cdb662f2f85456bf/?isAjax=true","invalidateInfo":{"tags":["interception","CONFIG"],"mode":"matchingTag"}} []
[2019-07-25 10:11:50] main.DEBUG: cache_invalidate:  {"method":"GET","url":"http:/","invalidateInfo":{"tags":["interception","CONFIG"],"mode":"matchingTag"}} []
[2019-07-25 10:17:50] main.DEBUG: cache_invalidate:  {"method":"GET","url":"http://localhost/eliferous/eliferous-about-us","invalidateInfo":{"tags":["interception","CONFIG"],"mode":"matchingTag"}} []
[2019-07-25 13:37:50] main.DEBUG: cache_invalidate:  {"method":"GET","url":"http:/","invalidateInfo":{"tags":["interception","CONFIG"],"mode":"matchingTag"}} []
[2019-07-25 13:41:43] main.DEBUG: cache_invalidate:  {"method":"GET","url":"http://localhost/eliferous/shop?pfbpam=4","invalidateInfo":{"tags":["interception","CONFIG"],"mode":"matchingTag"}} []
[2019-07-25 13:41:44] main.DEBUG: cache_invalidate:  {"method":"GET","url":"http://localhost/eliferous/admin123/catalog/product/index/key/946f38d9164b6870693f755af16096983cfc680841a08581bc7e0c0918092cdc/","invalidateInfo":{"tags":["interception","CONFIG"],"mode":"matchingTag"}} []
[2019-07-25 13:41:48] main.DEBUG: cache_invalidate:  {"method":"GET","url":"http://localhost/eliferous/sho","invalidateInfo":{"tags":["interception","CONFIG"],"mode":"matchingTag"}} []
[2019-07-27 11:01:48] main.DEBUG: cache_invalidate:  {"method":"GET","url":"http:/","invalidateInfo":{"tags":["interception","CONFIG"],"mode":"matchingTag"}} []
[2019-07-27 11:04:50] main.DEBUG: cache_invalidate:  {"method":"POST","url":"http://localhost/eliferous/admin123/cms/block/save/key/61399cb2d3bb2ba0f0d16fe7227ee76374c46e18e7352d53d76a2d86b8ceb2cb/","invalidateInfo":{"tags":["interception","CONFIG"],"mode":"matchingTag"}} []
[2019-07-29 11:02:10] main.DEBUG: cache_invalidate:  {"method":"GET","url":"http://localhost/eliferous/admin123/admin/cache/index/key/143976b1f97df58700ba575ecfcebf9a0778a4ab3214a8901701b4673a3eadae/","invalidateInfo":{"tags":["interception","CONFIG"],"mode":"matchingTag"}} []
[2019-07-29 11:02:46] main.DEBUG: cache_invalidate:  {"method":"GET","url":"http://localhost/eliferous/admin123/admin/cache/index/key/143976b1f97df58700ba575ecfcebf9a0778a4ab3214a8901701b4673a3eadae/","invalidateInfo":{"tags":["interception","CONFIG"],"mode":"matchingTag"}} []
[2019-07-29 11:31:25] main.DEBUG: cache_invalidate:  {"method":"GET","url":"http://localhost/eliferous/admin123/admin/cache/index/key/143976b1f97df58700ba575ecfcebf9a0778a4ab3214a8901701b4673a3eadae/","invalidateInfo":{"tags":["interception","CONFIG"],"mode":"matchingTag"}} []
[2019-07-29 11:31:47] main.DEBUG: cache_invalidate:  {"method":"GET","url":"http://localhost/eliferous/admin123/admin/cache/index/key/143976b1f97df58700ba575ecfcebf9a0778a4ab3214a8901701b4673a3eadae/","invalidateInfo":{"tags":["interception","CONFIG"],"mode":"matchingTag"}} []
[2019-07-29 11:32:21] main.DEBUG: cache_invalidate:  {"method":"GET","url":"http://localhost/eliferous/admin123/admin/cache/index/key/143976b1f97df58700ba575ecfcebf9a0778a4ab3214a8901701b4673a3eadae/","invalidateInfo":{"tags":["interception","CONFIG"],"mode":"matchingTag"}} []
[2019-07-29 11:36:16] main.DEBUG: cache_invalidate:  {"method":"GET","url":"http://localhost/eliferous/admin123/admin/cache/index/key/143976b1f97df58700ba575ecfcebf9a0778a4ab3214a8901701b4673a3eadae/","invalidateInfo":{"tags":["interception","CONFIG"],"mode":"matchingTag"}} []
[2019-07-29 11:36:37] main.DEBUG: cache_invalidate:  {"method":"GET","url":"http://localhost/eliferous/admin123/admin/cache/index/key/143976b1f97df58700ba575ecfcebf9a0778a4ab3214a8901701b4673a3eadae/","invalidateInfo":{"tags":["interception","CONFIG"],"mode":"matchingTag"}} []
[2019-07-29 11:42:15] main.DEBUG: cache_invalidate:  {"method":"GET","url":"http://localhost/eliferous/admin123/admin/cache/index/key/143976b1f97df58700ba575ecfcebf9a0778a4ab3214a8901701b4673a3eadae/","invalidateInfo":{"tags":["interception","CONFIG"],"mode":"matchingTag"}} []
[2019-07-29 11:44:08] main.DEBUG: cache_invalidate:  {"method":"GET","url":"http://localhost/eliferous/admin123/admin/cache/index/key/143976b1f97df58700ba575ecfcebf9a0778a4ab3214a8901701b4673a3eadae/","invalidateInfo":{"tags":["interception","CONFIG"],"mode":"matchingTag"}} []
[2019-07-29 11:44:29] main.DEBUG: cache_invalidate:  {"method":"GET","url":"http://localhost/eliferous/admin123/admin/cache/index/key/143976b1f97df58700ba575ecfcebf9a0778a4ab3214a8901701b4673a3eadae/","invalidateInfo":{"tags":["interception","CONFIG"],"mode":"matchingTag"}} []
[2019-07-29 11:45:42] main.DEBUG: cache_invalidate:  {"method":"GET","url":"http://localhost/eliferous/admin123/admin/cache/index/key/143976b1f97df58700ba575ecfcebf9a0778a4ab3214a8901701b4673a3eadae/","invalidateInfo":{"tags":["interception","CONFIG"],"mode":"matchingTag"}} []
[2019-07-29 11:46:00] main.DEBUG: cache_invalidate:  {"method":"GET","url":"http://localhost/eliferous/admin123/admin/cache/index/key/143976b1f97df58700ba575ecfcebf9a0778a4ab3214a8901701b4673a3eadae/","invalidateInfo":{"tags":["interception","CONFIG"],"mode":"matchingTag"}} []
[2019-07-29 12:13:38] main.DEBUG: cache_invalidate:  {"method":"GET","url":"http://localhost/eliferous/admin123/admin/cache/index/key/143976b1f97df58700ba575ecfcebf9a0778a4ab3214a8901701b4673a3eadae/","invalidateInfo":{"tags":["interception","CONFIG"],"mode":"matchingTag"}} []
[2019-07-29 12:14:03] main.DEBUG: cache_invalidate:  {"method":"GET","url":"http://localhost/eliferous/admin123/admin/cache/index/key/143976b1f97df58700ba575ecfcebf9a0778a4ab3214a8901701b4673a3eadae/","invalidateInfo":{"tags":["interception","CONFIG"],"mode":"matchingTag"}} []
[2019-07-30 05:09:38] main.DEBUG: cache_invalidate:  {"method":"GET","url":"http://localhost/eliferous/admin123/admin/cache/index/key/a4ed3b4c61f3b01fc1431801ec8ca3ca98e585563a5faee25f486fd3fba17f81/","invalidateInfo":{"tags":["interception","CONFIG"],"mode":"matchingTag"}} []
[2019-07-30 05:10:10] main.DEBUG: cache_invalidate:  {"method":"GET","url":"http://localhost/eliferous/admin123/admin/cache/index/key/a4ed3b4c61f3b01fc1431801ec8ca3ca98e585563a5faee25f486fd3fba17f81/","invalidateInfo":{"tags":["interception","CONFIG"],"mode":"matchingTag"}} []
[2019-07-30 05:12:31] main.DEBUG: cache_invalidate:  {"method":"GET","url":"http://localhost/eliferous/admin123/admin/cache/index/key/a4ed3b4c61f3b01fc1431801ec8ca3ca98e585563a5faee25f486fd3fba17f81/","invalidateInfo":{"tags":["interception","CONFIG"],"mode":"matchingTag"}} []
[2019-07-30 05:12:52] main.DEBUG: cache_invalidate:  {"method":"GET","url":"http://localhost/eliferous/admin123/admin/cache/index/key/a4ed3b4c61f3b01fc1431801ec8ca3ca98e585563a5faee25f486fd3fba17f81/","invalidateInfo":{"tags":["interception","CONFIG"],"mode":"matchingTag"}} []
[2019-07-30 05:14:07] main.DEBUG: cache_invalidate:  {"method":"GET","url":"http://localhost/eliferous/admin123/admin/cache/index/key/a4ed3b4c61f3b01fc1431801ec8ca3ca98e585563a5faee25f486fd3fba17f81/","invalidateInfo":{"tags":["interception","CONFIG"],"mode":"matchingTag"}} []
[2019-07-30 05:14:24] main.DEBUG: cache_invalidate:  {"method":"GET","url":"http://localhost/eliferous/admin123/admin/cache/index/key/a4ed3b4c61f3b01fc1431801ec8ca3ca98e585563a5faee25f486fd3fba17f81/","invalidateInfo":{"tags":["interception","CONFIG"],"mode":"matchingTag"}} []
[2019-07-30 05:16:11] main.DEBUG: cache_invalidate:  {"method":"GET","url":"http://localhost/eliferous/admin123/admin/cache/index/key/a4ed3b4c61f3b01fc1431801ec8ca3ca98e585563a5faee25f486fd3fba17f81/","invalidateInfo":{"tags":["interception","CONFIG"],"mode":"matchingTag"}} []
[2019-07-30 05:16:28] main.DEBUG: cache_invalidate:  {"method":"GET","url":"http://localhost/eliferous/admin123/admin/cache/index/key/a4ed3b4c61f3b01fc1431801ec8ca3ca98e585563a5faee25f486fd3fba17f81/","invalidateInfo":{"tags":["interception","CONFIG"],"mode":"matchingTag"}} []
[2019-07-30 05:32:43] main.DEBUG: cache_invalidate:  {"method":"GET","url":"http://localhost/eliferous/admin123/admin/cache/index/key/a4ed3b4c61f3b01fc1431801ec8ca3ca98e585563a5faee25f486fd3fba17f81/","invalidateInfo":{"tags":["interception","CONFIG"],"mode":"matchingTag"}} []
[2019-07-30 05:33:02] main.DEBUG: cache_invalidate:  {"method":"GET","url":"http://localhost/eliferous/admin123/admin/cache/index/key/a4ed3b4c61f3b01fc1431801ec8ca3ca98e585563a5faee25f486fd3fba17f81/","invalidateInfo":{"tags":["interception","CONFIG"],"mode":"matchingTag"}} []
[2019-07-30 05:35:18] main.DEBUG: cache_invalidate:  {"method":"GET","url":"http://localhost/eliferous/admin123/admin/cache/index/key/a4ed3b4c61f3b01fc1431801ec8ca3ca98e585563a5faee25f486fd3fba17f81/","invalidateInfo":{"tags":["interception","CONFIG"],"mode":"matchingTag"}} []
[2019-07-30 05:35:41] main.DEBUG: cache_invalidate:  {"method":"GET","url":"http://localhost/eliferous/admin123/admin/cache/index/key/a4ed3b4c61f3b01fc1431801ec8ca3ca98e585563a5faee25f486fd3fba17f81/","invalidateInfo":{"tags":["interception","CONFIG"],"mode":"matchingTag"}} []
[2019-07-30 05:41:02] main.DEBUG: cache_invalidate:  {"method":"GET","url":"http://localhost/eliferous/admin123/admin/cache/index/key/a4ed3b4c61f3b01fc1431801ec8ca3ca98e585563a5faee25f486fd3fba17f81/","invalidateInfo":{"tags":["interception","CONFIG"],"mode":"matchingTag"}} []
[2019-07-30 05:41:31] main.DEBUG: cache_invalidate:  {"method":"GET","url":"http://localhost/eliferous/admin123/admin/cache/index/key/a4ed3b4c61f3b01fc1431801ec8ca3ca98e585563a5faee25f486fd3fba17f81/","invalidateInfo":{"tags":["interception","CONFIG"],"mode":"matchingTag"}} []
[2019-07-30 05:49:09] main.DEBUG: cache_invalidate:  {"method":"GET","url":"http://localhost/eliferous/admin123/admin/cache/index/key/a4ed3b4c61f3b01fc1431801ec8ca3ca98e585563a5faee25f486fd3fba17f81/","invalidateInfo":{"tags":["interception","CONFIG"],"mode":"matchingTag"}} []
[2019-07-30 05:49:32] main.DEBUG: cache_invalidate:  {"method":"GET","url":"http://localhost/eliferous/admin123/admin/cache/index/key/a4ed3b4c61f3b01fc1431801ec8ca3ca98e585563a5faee25f486fd3fba17f81/","invalidateInfo":{"tags":["interception","CONFIG"],"mode":"matchingTag"}} []
[2019-07-30 06:16:21] main.DEBUG: cache_invalidate:  {"method":"GET","url":"http://localhost/eliferous/admin123/admin/cache/index/key/a4ed3b4c61f3b01fc1431801ec8ca3ca98e585563a5faee25f486fd3fba17f81/","invalidateInfo":{"tags":["interception","CONFIG"],"mode":"matchingTag"}} []
[2019-07-30 06:17:17] main.DEBUG: cache_invalidate:  {"method":"GET","url":"http://localhost/eliferous/admin123/admin/cache/index/key/a4ed3b4c61f3b01fc1431801ec8ca3ca98e585563a5faee25f486fd3fba17f81/","invalidateInfo":{"tags":["interception","CONFIG"],"mode":"matchingTag"}} []
[2019-07-30 06:22:31] main.DEBUG: cache_invalidate:  {"method":"GET","url":"http://localhost/eliferous/admin123/admin/cache/index/key/a4ed3b4c61f3b01fc1431801ec8ca3ca98e585563a5faee25f486fd3fba17f81/","invalidateInfo":{"tags":["interception","CONFIG"],"mode":"matchingTag"}} []
[2019-07-30 06:23:06] main.DEBUG: cache_invalidate:  {"method":"GET","url":"http://localhost/eliferous/admin123/admin/cache/index/key/a4ed3b4c61f3b01fc1431801ec8ca3ca98e585563a5faee25f486fd3fba17f81/","invalidateInfo":{"tags":["interception","CONFIG"],"mode":"matchingTag"}} []
[2019-07-30 07:36:35] main.DEBUG: cache_invalidate:  {"method":"GET","url":"http://localhost/eliferous/admin123/admin/cache/index/key/a4ed3b4c61f3b01fc1431801ec8ca3ca98e585563a5faee25f486fd3fba17f81/","invalidateInfo":{"tags":["interception","CONFIG"],"mode":"matchingTag"}} []
[2019-07-30 07:36:55] main.DEBUG: cache_invalidate:  {"method":"GET","url":"http://localhost/eliferous/admin123/admin/cache/index/key/a4ed3b4c61f3b01fc1431801ec8ca3ca98e585563a5faee25f486fd3fba17f81/","invalidateInfo":{"tags":["interception","CONFIG"],"mode":"matchingTag"}} []
[2019-07-30 08:11:35] main.DEBUG: cache_invalidate:  {"method":"GET","url":"http://localhost/eliferous/admin123/admin/cache/index/key/a4ed3b4c61f3b01fc1431801ec8ca3ca98e585563a5faee25f486fd3fba17f81/","invalidateInfo":{"tags":["interception","CONFIG"],"mode":"matchingTag"}} []
[2019-07-30 08:11:53] main.DEBUG: cache_invalidate:  {"method":"GET","url":"http://localhost/eliferous/admin123/admin/cache/index/key/a4ed3b4c61f3b01fc1431801ec8ca3ca98e585563a5faee25f486fd3fba17f81/","invalidateInfo":{"tags":["interception","CONFIG"],"mode":"matchingTag"}} []
[2019-07-30 12:06:30] main.DEBUG: cache_invalidate:  {"method":"GET","url":"http:/","invalidateInfo":{"tags":["interception","CONFIG"],"mode":"matchingTag"}} []
[2019-07-30 12:06:54] main.DEBUG: cache_invalidate:  {"method":"GET","url":"http://localhost/eliferous/admin123/indexer/indexer/list/key/ffeb04336df766b4f0333f0c06fbe78f4afd797635057653b5fbdc28e7e93448/","invalidateInfo":{"tags":["interception","CONFIG"],"mode":"matchingTag"}} []
[2019-07-30 13:26:51] main.DEBUG: cache_invalidate:  {"method":"GET","url":"http:/","invalidateInfo":{"tags":["interception","CONFIG"],"mode":"matchingTag"}} []
[2019-07-30 13:27:19] main.DEBUG: cache_invalidate:  {"method":"GET","url":"http://localhost/eliferous/","invalidateInfo":{"tags":["interception","CONFIG"],"mode":"matchingTag"}} []
[2019-07-30 13:27:20] main.DEBUG: cache_invalidate:  {"method":"GET","url":"http://localhost/eliferous/admin123/mui/index/render/key/22c4af7e41d2dee6c610067d2f9063d82ba7d3cffbeabd268839c44facbfdcc7/?namespace=notification_area&sorting%5Bfield%5D=created_at&sorting%5Bdirection%5D=asc&isAjax=true","invalidateInfo":{"tags":["interception","CONFIG"],"mode":"matchingTag"}} []
[2019-07-30 13:31:30] main.DEBUG: cache_invalidate:  {"method":"GET","url":"http:/","invalidateInfo":{"tags":["interception","CONFIG"],"mode":"matchingTag"}} []
[2019-07-30 13:31:44] main.DEBUG: cache_invalidate:  {"method":"GET","url":"http://localhost/eliferous/","invalidateInfo":{"tags":["interception","CONFIG"],"mode":"matchingTag"}} []
